Using pre-set license
Built from '2020.3/staging' branch; Version is '2020.3.22f1 (e1a7f79fd887) revision 14788599'; Using compiler version '192528614'; Build Type 'Release'
OS: 'Windows 10 Pro; OS build 19043.1348; Version 2009; 64bit' Language: 'en' Physical Memory: 16298 MB
BatchMode: 1, IsHumanControllingUs: 0, StartBugReporterOnCrash: 0, Is64bit: 1, IsPro: 0

COMMAND LINE ARGUMENTS:
C:\Program Files\Unity\Hub\Editor\2020.3.22f1\Editor\Unity.exe
-adb2
-batchMode
-noUpm
-name
AssetImportWorker0
-projectPath
D:/Unity Projects/Create With Code/Personal Project/Unity-Personal-Project
-logFile
Logs/AssetImportWorker0.log
-srvPort
51834
Successfully changed project path to: D:/Unity Projects/Create With Code/Personal Project/Unity-Personal-Project
D:/Unity Projects/Create With Code/Personal Project/Unity-Personal-Project
Using Asset Import Pipeline V2.
Refreshing native plugins compatible for Editor in 39.82 ms, found 2 plugins.
Preloading 0 native plugins for Editor in 0.00 ms.
Initialize engine version: 2020.3.22f1 (e1a7f79fd887)
[Subsystems] Discovering subsystems at path C:/Program Files/Unity/Hub/Editor/2020.3.22f1/Editor/Data/Resources/UnitySubsystems
[Subsystems] Discovering subsystems at path D:/Unity Projects/Create With Code/Personal Project/Unity-Personal-Project/Assets
GfxDevice: creating device client; threaded=0
Direct3D:
    Version:  Direct3D 11.0 [level 11.1]
    Renderer: NVIDIA GeForce RTX 3060 Ti (ID=0x2489)
    Vendor:   
    VRAM:     8050 MB
    Driver:   30.0.14.9649
Initialize mono
Mono path[0] = 'C:/Program Files/Unity/Hub/Editor/2020.3.22f1/Editor/Data/Managed'
Mono path[1] = 'C:/Program Files/Unity/Hub/Editor/2020.3.22f1/Editor/Data/MonoBleedingEdge/lib/mono/unityjit'
Mono config path = 'C:/Program Files/Unity/Hub/Editor/2020.3.22f1/Editor/Data/MonoBleedingEdge/etc'
Using monoOptions --debugger-agent=transport=dt_socket,embedding=1,server=y,suspend=n,address=127.0.0.1:56712
Begin MonoManager ReloadAssembly
Registering precompiled unity dll's ...
Register platform support module: C:/Program Files/Unity/Hub/Editor/2020.3.22f1/Editor/Data/PlaybackEngines/WindowsStandaloneSupport/UnityEditor.WindowsStandalone.Extensions.dll
Registered in 0.002900 seconds.
Native extension for WindowsStandalone target not found
Refreshing native plugins compatible for Editor in 39.10 ms, found 2 plugins.
Preloading 0 native plugins for Editor in 0.00 ms.
Mono: successfully reloaded assembly
- Completed reload, in  0.948 seconds
Domain Reload Profiling:
	ReloadAssembly (950ms)
		BeginReloadAssembly (45ms)
			ExecutionOrderSort (0ms)
			DisableScriptedObjects (0ms)
			BackupInstance (0ms)
			ReleaseScriptingObjects (0ms)
			CreateAndSetChildDomain (1ms)
		EndReloadAssembly (361ms)
			LoadAssemblies (42ms)
			RebuildTransferFunctionScriptingTraits (0ms)
			SetupTypeCache (116ms)
			ReleaseScriptCaches (0ms)
			RebuildScriptCaches (23ms)
			SetupLoadedEditorAssemblies (140ms)
				LogAssemblyErrors (0ms)
				InitializePlatformSupportModulesInManaged (4ms)
				SetLoadedEditorAssemblies (0ms)
				RefreshPlugins (41ms)
				BeforeProcessingInitializeOnLoad (13ms)
				ProcessInitializeOnLoadAttributes (61ms)
				ProcessInitializeOnLoadMethodAttributes (21ms)
				AfterProcessingInitializeOnLoad (0ms)
				EditorAssembliesLoaded (0ms)
			ExecutionOrderSort2 (0ms)
			AwakeInstancesAfterBackupRestoration (0ms)
Platform modules already initialized, skipping
Registering precompiled user dll's ...
Registered in 0.005175 seconds.
Begin MonoManager ReloadAssembly
Native extension for WindowsStandalone target not found
Refreshing native plugins compatible for Editor in 38.15 ms, found 2 plugins.
Preloading 0 native plugins for Editor in 0.00 ms.
Mono: successfully reloaded assembly
- Completed reload, in  0.920 seconds
Domain Reload Profiling:
	ReloadAssembly (924ms)
		BeginReloadAssembly (119ms)
			ExecutionOrderSort (0ms)
			DisableScriptedObjects (4ms)
			BackupInstance (0ms)
			ReleaseScriptingObjects (0ms)
			CreateAndSetChildDomain (17ms)
		EndReloadAssembly (749ms)
			LoadAssemblies (84ms)
			RebuildTransferFunctionScriptingTraits (0ms)
			SetupTypeCache (235ms)
			ReleaseScriptCaches (1ms)
			RebuildScriptCaches (39ms)
			SetupLoadedEditorAssemblies (292ms)
				LogAssemblyErrors (0ms)
				InitializePlatformSupportModulesInManaged (5ms)
				SetLoadedEditorAssemblies (0ms)
				RefreshPlugins (40ms)
				BeforeProcessingInitializeOnLoad (63ms)
				ProcessInitializeOnLoadAttributes (167ms)
				ProcessInitializeOnLoadMethodAttributes (9ms)
				AfterProcessingInitializeOnLoad (8ms)
				EditorAssembliesLoaded (0ms)
			ExecutionOrderSort2 (0ms)
			AwakeInstancesAfterBackupRestoration (5ms)
Platform modules already initialized, skipping
========================================================================
Worker process is ready to serve import requests
Launched and connected shader compiler UnityShaderCompiler.exe after 0.04 seconds
Refreshing native plugins compatible for Editor in 0.60 ms, found 2 plugins.
Preloading 0 native plugins for Editor in 0.00 ms.
Unloading 2138 Unused Serialized files (Serialized files now loaded: 0)
System memory in use before: 96.6 MB.
System memory in use after: 96.7 MB.

Unloading 23 unused Assets to reduce memory usage. Loaded Objects now: 2575.
Total: 2.952500 ms (FindLiveObjects: 0.254200 ms CreateObjectMapping: 0.050700 ms MarkObjects: 2.553300 ms  DeleteObjects: 0.093100 ms)

AssetImportParameters requested are different than current active one (requested -> active):
  custom:framework-win-MediaFoundation: 216162199b28c13a410421893ffa2e32 -> 
  custom:video-decoder-ogg-theora: a1e56fd34408186e4bbccfd4996cb3dc -> 
  custom:container-muxer-webm: aa71ff27fc2769a1b78a27578f13a17b -> 
  custom:container-demuxer-webm: 4f35f7cbe854078d1ac9338744f61a02 -> 
  custom:container-demuxer-ogg: 62fdf1f143b41e24485cea50d1cbac27 -> 
  custom:video-encoder-webm-vp8: eb34c28f22e8b96e1ab97ce403110664 -> 
  custom:video-decoder-webm-vp8: 9c59270c3fd7afecdb556c50c9e8de78 -> 
  custom:audio-decoder-ogg-vorbis: bf7c407c2cedff20999df2af8eb42d56 -> 
  custom:audio-encoder-webm-vorbis: bf7c407c2cedff20999df2af8eb42d56 -> 
========================================================================
Received Import Request.
  path: Assets/Import/Succubus
  artifactKey: Guid(d77eda4e6dcd1d645b0d4813381dc796) Importer(815301076,1909f56bfc062723c751e8b465ee728b)
Start importing Assets/Import/Succubus using Guid(d77eda4e6dcd1d645b0d4813381dc796) Importer(815301076,1909f56bfc062723c751e8b465ee728b)  -> (artifact id: 'bb26a8241d17112adf217d883de9137c') in 0.008794 seconds 
  Import took 0.013086 seconds .

========================================================================
Received Import Request.
  Time since last request: 0.002266 seconds.
  path: Assets/Import/Succubus/materials
  artifactKey: Guid(57c2e9eb39a95ff438e33b585147d0c0) Importer(815301076,1909f56bfc062723c751e8b465ee728b)
Start importing Assets/Import/Succubus/materials using Guid(57c2e9eb39a95ff438e33b585147d0c0) Importer(815301076,1909f56bfc062723c751e8b465ee728b)  -> (artifact id: '1149ea9063401f9e7a0f1c594f490423') in 0.005145 seconds 
  Import took 0.009455 seconds .

========================================================================
Received Import Request.
  Time since last request: 6.878482 seconds.
  path: Assets/Import/Succubus/meshes
  artifactKey: Guid(8c5b7fed24745a64dac482ce07d85a58) Importer(815301076,1909f56bfc062723c751e8b465ee728b)
Start importing Assets/Import/Succubus/meshes using Guid(8c5b7fed24745a64dac482ce07d85a58) Importer(815301076,1909f56bfc062723c751e8b465ee728b)  -> (artifact id: 'fd6cfff0a9e40f30b852f6b762a2b2b1') in 0.005670 seconds 
  Import took 0.009681 seconds .

========================================================================
Received Import Request.
  Time since last request: 0.588180 seconds.
  path: Assets/Import/Succubus/textures
  artifactKey: Guid(075b3bf4d70cc3f4aa5e8b943945267a) Importer(815301076,1909f56bfc062723c751e8b465ee728b)
Start importing Assets/Import/Succubus/textures using Guid(075b3bf4d70cc3f4aa5e8b943945267a) Importer(815301076,1909f56bfc062723c751e8b465ee728b)  -> (artifact id: '2fa3f8711da48feafd395a14a0158647') in 0.005303 seconds 
  Import took 0.008725 seconds .

========================================================================
Received Import Request.
  Time since last request: 104.005316 seconds.
  path: Assets/Imports/Angel_(old_marble_version)
  artifactKey: Guid(c2d7f0873c8b1b7459aa67011dc0c5d8) Importer(815301076,1909f56bfc062723c751e8b465ee728b)
Start importing Assets/Imports/Angel_(old_marble_version) using Guid(c2d7f0873c8b1b7459aa67011dc0c5d8) Importer(815301076,1909f56bfc062723c751e8b465ee728b)  -> (artifact id: '407f3b0a959dd0643acef603cff7d4e0') in 0.005122 seconds 
  Import took 0.008863 seconds .

========================================================================
Received Import Request.
  Time since last request: 1.901198 seconds.
  path: Assets/Imports/Angel_(old_marble_version)/Angel_(old_marble_version).prefab
  artifactKey: Guid(39983b326ce43a44aa14cc3b048c1b69) Importer(815301076,1909f56bfc062723c751e8b465ee728b)
Start importing Assets/Imports/Angel_(old_marble_version)/Angel_(old_marble_version).prefab using Guid(39983b326ce43a44aa14cc3b048c1b69) Importer(815301076,1909f56bfc062723c751e8b465ee728b)  -> (artifact id: '1a5fdf2ad824657a75612f1b719804d7') in 0.122490 seconds 
  Import took 0.139274 seconds .

========================================================================
Received Import Request.
  Time since last request: 994.391492 seconds.
  path: Assets/Imports/Plugins
  artifactKey: Guid(00c1cd2963114844d97d6252d2f9716f) Importer(815301076,1909f56bfc062723c751e8b465ee728b)
Start importing Assets/Imports/Plugins using Guid(00c1cd2963114844d97d6252d2f9716f) Importer(815301076,1909f56bfc062723c751e8b465ee728b)  -> (artifact id: '8b6912d239a8d8c2223683d7a2b5e9f1') in 0.004839 seconds 
  Import took 0.146233 seconds .

========================================================================
Received Import Request.
  Time since last request: 12.564153 seconds.
  path: Assets/Imports/PhotoFrame
  artifactKey: Guid(1a6a30df077302649bb5846ce665501a) Importer(815301076,1909f56bfc062723c751e8b465ee728b)
Start importing Assets/Imports/PhotoFrame using Guid(1a6a30df077302649bb5846ce665501a) Importer(815301076,1909f56bfc062723c751e8b465ee728b)  -> (artifact id: 'fd60763766eba9e2a34ff04d38bef1fc') in 0.005293 seconds 
  Import took 0.008854 seconds .

========================================================================
Received Import Request.
  Time since last request: 342.395800 seconds.
  path: Assets/Images/Furby.jpg
  artifactKey: Guid(7b8b569aa7f14c44fb3f070a13d4036e) Importer(815301076,1909f56bfc062723c751e8b465ee728b)
Start importing Assets/Images/Furby.jpg using Guid(7b8b569aa7f14c44fb3f070a13d4036e) Importer(815301076,1909f56bfc062723c751e8b465ee728b)  -> (artifact id: '443682dfc52b60662a88bb353d1b140e') in 0.076688 seconds 
  Import took 0.080604 seconds .

========================================================================
Received Import Request.
  Time since last request: 3.667548 seconds.
  path: Assets/Images/Furby.jpg
  artifactKey: Guid(7b8b569aa7f14c44fb3f070a13d4036e) Importer(815301076,1909f56bfc062723c751e8b465ee728b)
Start importing Assets/Images/Furby.jpg using Guid(7b8b569aa7f14c44fb3f070a13d4036e) Importer(815301076,1909f56bfc062723c751e8b465ee728b)  -> (artifact id: '45b3c0ad9bff4325717fc1feec1b454f') in 0.026810 seconds 
  Import took 0.042027 seconds .

========================================================================
Received Prepare
Registering precompiled user dll's ...
Registered in 0.005243 seconds.
Begin MonoManager ReloadAssembly
Native extension for WindowsStandalone target not found
Refreshing native plugins compatible for Editor in 0.58 ms, found 2 plugins.
Preloading 0 native plugins for Editor in 0.00 ms.
Mono: successfully reloaded assembly
- Completed reload, in  0.831 seconds
Domain Reload Profiling:
	ReloadAssembly (831ms)
		BeginReloadAssembly (100ms)
			ExecutionOrderSort (0ms)
			DisableScriptedObjects (3ms)
			BackupInstance (0ms)
			ReleaseScriptingObjects (0ms)
			CreateAndSetChildDomain (33ms)
		EndReloadAssembly (674ms)
			LoadAssemblies (84ms)
			RebuildTransferFunctionScriptingTraits (0ms)
			SetupTypeCache (229ms)
			ReleaseScriptCaches (1ms)
			RebuildScriptCaches (31ms)
			SetupLoadedEditorAssemblies (253ms)
				LogAssemblyErrors (0ms)
				InitializePlatformSupportModulesInManaged (4ms)
				SetLoadedEditorAssemblies (0ms)
				RefreshPlugins (1ms)
				BeforeProcessingInitializeOnLoad (62ms)
				ProcessInitializeOnLoadAttributes (165ms)
				ProcessInitializeOnLoadMethodAttributes (10ms)
				AfterProcessingInitializeOnLoad (9ms)
				EditorAssembliesLoaded (0ms)
			ExecutionOrderSort2 (0ms)
			AwakeInstancesAfterBackupRestoration (5ms)
Platform modules already initialized, skipping
Refreshing native plugins compatible for Editor in 0.58 ms, found 2 plugins.
Preloading 0 native plugins for Editor in 0.00 ms.
Unloading 2088 Unused Serialized files (Serialized files now loaded: 0)
System memory in use before: 95.1 MB.
System memory in use after: 95.2 MB.

Unloading 18 unused Assets to reduce memory usage. Loaded Objects now: 2587.
Total: 3.112500 ms (FindLiveObjects: 0.196600 ms CreateObjectMapping: 0.048500 ms MarkObjects: 2.844700 ms  DeleteObjects: 0.021600 ms)

AssetImportParameters requested are different than current active one (requested -> active):
  custom:framework-win-MediaFoundation: 216162199b28c13a410421893ffa2e32 -> 
  custom:video-decoder-ogg-theora: a1e56fd34408186e4bbccfd4996cb3dc -> 
  custom:container-muxer-webm: aa71ff27fc2769a1b78a27578f13a17b -> 
  custom:container-demuxer-webm: 4f35f7cbe854078d1ac9338744f61a02 -> 
  custom:container-demuxer-ogg: 62fdf1f143b41e24485cea50d1cbac27 -> 
  custom:video-encoder-webm-vp8: eb34c28f22e8b96e1ab97ce403110664 -> 
  custom:video-decoder-webm-vp8: 9c59270c3fd7afecdb556c50c9e8de78 -> 
  custom:audio-decoder-ogg-vorbis: bf7c407c2cedff20999df2af8eb42d56 -> 
  custom:audio-encoder-webm-vorbis: bf7c407c2cedff20999df2af8eb42d56 -> 
========================================================================
Received Import Request.
  Time since last request: 481.279826 seconds.
  path: Assets/Import/(plate)
  artifactKey: Guid(1bba2f67f1c5a3d41bf6553fd9c7de33) Importer(815301076,1909f56bfc062723c751e8b465ee728b)
Start importing Assets/Import/(plate) using Guid(1bba2f67f1c5a3d41bf6553fd9c7de33) Importer(815301076,1909f56bfc062723c751e8b465ee728b)  -> (artifact id: '4f7e9ca1c0b703fa2edccff87e4753c1') in 0.008403 seconds 
  Import took 0.011752 seconds .

========================================================================
Received Import Request.
  Time since last request: 3.797742 seconds.
  path: Assets/Import/Plate
  artifactKey: Guid(737947b772f05a645a8e10e6dccc937b) Importer(815301076,1909f56bfc062723c751e8b465ee728b)
Start importing Assets/Import/Plate using Guid(737947b772f05a645a8e10e6dccc937b) Importer(815301076,1909f56bfc062723c751e8b465ee728b)  -> (artifact id: 'c3f4fc546136d6330e20d6ac62360f93') in 0.005401 seconds 
  Import took 0.008680 seconds .

========================================================================
Received Import Request.
  Time since last request: 0.573237 seconds.
  path: Assets/Import/Plate/materials
  artifactKey: Guid(14b501706eed0f84ba06cdbf6c4734e2) Importer(815301076,1909f56bfc062723c751e8b465ee728b)
Start importing Assets/Import/Plate/materials using Guid(14b501706eed0f84ba06cdbf6c4734e2) Importer(815301076,1909f56bfc062723c751e8b465ee728b)  -> (artifact id: 'b83510d3f1e36d04e4bd7de83eaf1ffb') in 0.004351 seconds 
  Import took 0.007507 seconds .

========================================================================
Received Import Request.
  Time since last request: 0.674036 seconds.
  path: Assets/Import/Plate/Plate.prefab
  artifactKey: Guid(6bdc6a0b4f67dc942b8177f09b465db1) Importer(815301076,1909f56bfc062723c751e8b465ee728b)
Start importing Assets/Import/Plate/Plate.prefab using Guid(6bdc6a0b4f67dc942b8177f09b465db1) Importer(815301076,1909f56bfc062723c751e8b465ee728b)  -> (artifact id: 'b46c3da981fcef709243627e4ef42380') in 0.056739 seconds 
  Import took 0.060467 seconds .

========================================================================
Received Import Request.
  Time since last request: 655.429202 seconds.
  path: Assets/Import/dragon
  artifactKey: Guid(a453d2a309a05014f8add6762197cbd9) Importer(815301076,1909f56bfc062723c751e8b465ee728b)
Start importing Assets/Import/dragon using Guid(a453d2a309a05014f8add6762197cbd9) Importer(815301076,1909f56bfc062723c751e8b465ee728b)  -> (artifact id: '48db4a9c124072259ecd770911dd1718') in 0.004802 seconds 
  Import took 0.008276 seconds .

========================================================================
Received Import Request.
  Time since last request: 142.157928 seconds.
  path: Assets/Scripts/Interactions/ItemInteractionUI.cs
  artifactKey: Guid(c2be3595effd3a4449f187cc25778a4f) Importer(815301076,1909f56bfc062723c751e8b465ee728b)
Start importing Assets/Scripts/Interactions/ItemInteractionUI.cs using Guid(c2be3595effd3a4449f187cc25778a4f) Importer(815301076,1909f56bfc062723c751e8b465ee728b)  -> (artifact id: 'ab749c626c2cfb60389442d802e77dc8') in 0.009588 seconds 
  Import took 0.012971 seconds .

========================================================================
Received Prepare
Registering precompiled user dll's ...
Registered in 0.005739 seconds.
Begin MonoManager ReloadAssembly
Native extension for WindowsStandalone target not found
Refreshing native plugins compatible for Editor in 0.60 ms, found 2 plugins.
Preloading 0 native plugins for Editor in 0.00 ms.
Mono: successfully reloaded assembly
- Completed reload, in  0.854 seconds
Domain Reload Profiling:
	ReloadAssembly (854ms)
		BeginReloadAssembly (105ms)
			ExecutionOrderSort (0ms)
			DisableScriptedObjects (4ms)
			BackupInstance (0ms)
			ReleaseScriptingObjects (0ms)
			CreateAndSetChildDomain (33ms)
		EndReloadAssembly (692ms)
			LoadAssemblies (87ms)
			RebuildTransferFunctionScriptingTraits (0ms)
			SetupTypeCache (239ms)
			ReleaseScriptCaches (1ms)
			RebuildScriptCaches (34ms)
			SetupLoadedEditorAssemblies (252ms)
				LogAssemblyErrors (0ms)
				InitializePlatformSupportModulesInManaged (4ms)
				SetLoadedEditorAssemblies (0ms)
				RefreshPlugins (1ms)
				BeforeProcessingInitializeOnLoad (63ms)
				ProcessInitializeOnLoadAttributes (166ms)
				ProcessInitializeOnLoadMethodAttributes (9ms)
				AfterProcessingInitializeOnLoad (8ms)
				EditorAssembliesLoaded (0ms)
			ExecutionOrderSort2 (0ms)
			AwakeInstancesAfterBackupRestoration (5ms)
Platform modules already initialized, skipping
Refreshing native plugins compatible for Editor in 0.59 ms, found 2 plugins.
Preloading 0 native plugins for Editor in 0.00 ms.
Unloading 2088 Unused Serialized files (Serialized files now loaded: 0)
System memory in use before: 95.1 MB.
System memory in use after: 95.3 MB.

Unloading 18 unused Assets to reduce memory usage. Loaded Objects now: 2590.
Total: 3.329300 ms (FindLiveObjects: 0.255500 ms CreateObjectMapping: 0.055300 ms MarkObjects: 2.995200 ms  DeleteObjects: 0.021900 ms)

AssetImportParameters requested are different than current active one (requested -> active):
  custom:framework-win-MediaFoundation: 216162199b28c13a410421893ffa2e32 -> 
  custom:video-decoder-ogg-theora: a1e56fd34408186e4bbccfd4996cb3dc -> 
  custom:container-muxer-webm: aa71ff27fc2769a1b78a27578f13a17b -> 
  custom:container-demuxer-webm: 4f35f7cbe854078d1ac9338744f61a02 -> 
  custom:container-demuxer-ogg: 62fdf1f143b41e24485cea50d1cbac27 -> 
  custom:video-encoder-webm-vp8: eb34c28f22e8b96e1ab97ce403110664 -> 
  custom:video-decoder-webm-vp8: 9c59270c3fd7afecdb556c50c9e8de78 -> 
  custom:audio-decoder-ogg-vorbis: bf7c407c2cedff20999df2af8eb42d56 -> 
  custom:audio-encoder-webm-vorbis: bf7c407c2cedff20999df2af8eb42d56 -> 
========================================================================
Received Import Request.
  Time since last request: 86.810018 seconds.
  path: Assets/Scripts/Interactions/ItemInteractionUI.cs
  artifactKey: Guid(c2be3595effd3a4449f187cc25778a4f) Importer(815301076,1909f56bfc062723c751e8b465ee728b)
Start importing Assets/Scripts/Interactions/ItemInteractionUI.cs using Guid(c2be3595effd3a4449f187cc25778a4f) Importer(815301076,1909f56bfc062723c751e8b465ee728b)  -> (artifact id: '6dc409c9623b1d626c014763b2fa8a5d') in 0.008009 seconds 
  Import took 0.010917 seconds .

========================================================================
Received Prepare
Registering precompiled user dll's ...
Registered in 0.005247 seconds.
Begin MonoManager ReloadAssembly
Native extension for WindowsStandalone target not found
Refreshing native plugins compatible for Editor in 0.60 ms, found 2 plugins.
Preloading 0 native plugins for Editor in 0.00 ms.
Mono: successfully reloaded assembly
- Completed reload, in  0.844 seconds
Domain Reload Profiling:
	ReloadAssembly (845ms)
		BeginReloadAssembly (111ms)
			ExecutionOrderSort (0ms)
			DisableScriptedObjects (3ms)
			BackupInstance (0ms)
			ReleaseScriptingObjects (0ms)
			CreateAndSetChildDomain (32ms)
		EndReloadAssembly (679ms)
			LoadAssemblies (84ms)
			RebuildTransferFunctionScriptingTraits (0ms)
			SetupTypeCache (231ms)
			ReleaseScriptCaches (1ms)
			RebuildScriptCaches (33ms)
			SetupLoadedEditorAssemblies (254ms)
				LogAssemblyErrors (0ms)
				InitializePlatformSupportModulesInManaged (4ms)
				SetLoadedEditorAssemblies (0ms)
				RefreshPlugins (1ms)
				BeforeProcessingInitializeOnLoad (65ms)
				ProcessInitializeOnLoadAttributes (167ms)
				ProcessInitializeOnLoadMethodAttributes (9ms)
				AfterProcessingInitializeOnLoad (8ms)
				EditorAssembliesLoaded (0ms)
			ExecutionOrderSort2 (0ms)
			AwakeInstancesAfterBackupRestoration (5ms)
Platform modules already initialized, skipping
Refreshing native plugins compatible for Editor in 0.60 ms, found 2 plugins.
Preloading 0 native plugins for Editor in 0.00 ms.
Unloading 2088 Unused Serialized files (Serialized files now loaded: 0)
System memory in use before: 95.2 MB.
System memory in use after: 95.3 MB.

Unloading 18 unused Assets to reduce memory usage. Loaded Objects now: 2592.
Total: 2.884500 ms (FindLiveObjects: 0.232000 ms CreateObjectMapping: 0.054900 ms MarkObjects: 2.580500 ms  DeleteObjects: 0.016000 ms)

AssetImportParameters requested are different than current active one (requested -> active):
  custom:framework-win-MediaFoundation: 216162199b28c13a410421893ffa2e32 -> 
  custom:video-decoder-ogg-theora: a1e56fd34408186e4bbccfd4996cb3dc -> 
  custom:container-muxer-webm: aa71ff27fc2769a1b78a27578f13a17b -> 
  custom:container-demuxer-webm: 4f35f7cbe854078d1ac9338744f61a02 -> 
  custom:container-demuxer-ogg: 62fdf1f143b41e24485cea50d1cbac27 -> 
  custom:video-encoder-webm-vp8: eb34c28f22e8b96e1ab97ce403110664 -> 
  custom:video-decoder-webm-vp8: 9c59270c3fd7afecdb556c50c9e8de78 -> 
  custom:audio-decoder-ogg-vorbis: bf7c407c2cedff20999df2af8eb42d56 -> 
  custom:audio-encoder-webm-vorbis: bf7c407c2cedff20999df2af8eb42d56 -> 
========================================================================
Received Prepare
Refreshing native plugins compatible for Editor in 3.89 ms, found 2 plugins.
Preloading 0 native plugins for Editor in 0.00 ms.
Unloading 16 Unused Serialized files (Serialized files now loaded: 0)
System memory in use before: 53.6 MB.
System memory in use after: 53.7 MB.

Unloading 16 unused Assets to reduce memory usage. Loaded Objects now: 2592.
Total: 3.827900 ms (FindLiveObjects: 0.256300 ms CreateObjectMapping: 0.066600 ms MarkObjects: 3.483600 ms  DeleteObjects: 0.020400 ms)

AssetImportParameters requested are different than current active one (requested -> active):
  custom:framework-win-MediaFoundation: 216162199b28c13a410421893ffa2e32 -> 
  custom:video-decoder-ogg-theora: a1e56fd34408186e4bbccfd4996cb3dc -> 
  custom:container-muxer-webm: aa71ff27fc2769a1b78a27578f13a17b -> 
  custom:container-demuxer-webm: 4f35f7cbe854078d1ac9338744f61a02 -> 
  custom:container-demuxer-ogg: 62fdf1f143b41e24485cea50d1cbac27 -> 
  custom:video-encoder-webm-vp8: eb34c28f22e8b96e1ab97ce403110664 -> 
  custom:video-decoder-webm-vp8: 9c59270c3fd7afecdb556c50c9e8de78 -> 
  custom:audio-decoder-ogg-vorbis: bf7c407c2cedff20999df2af8eb42d56 -> 
  custom:audio-encoder-webm-vorbis: bf7c407c2cedff20999df2af8eb42d56 -> 
AssetImportWorkerClient::OnTransportError - code=2 error=End of file
